Using pre-set license
Built from '2021.3/staging' branch; Version is '2021.3.29f1 (204d6dc9ae1c) revision 2116973'; Using compiler version '192829333'; Build Type 'Release'
OS: 'Windows 11  (10.0.22631) 64bit CoreSingleLanguage' Language: 'en' Physical Memory: 16167 MB
BatchMode: 1, IsHumanControllingUs: 0, StartBugReporterOnCrash: 0, Is64bit: 1, IsPro: 1

COMMAND LINE ARGUMENTS:
C:\Program Files\Unity\Hub\Editor\2021.3.29f1\Editor\Unity.exe
-adb2
-batchMode
-noUpm
-name
AssetImportWorker0
-projectPath
D:/Work/Quinces/Alphabet_Puzzles/AlphabetPuzzles
-logFile
Logs/AssetImportWorker0.log
-srvPort
55010
Successfully changed project path to: D:/Work/Quinces/Alphabet_Puzzles/AlphabetPuzzles
D:/Work/Quinces/Alphabet_Puzzles/AlphabetPuzzles
[UnityMemory] Configuration Parameters - Can be set up in boot.config
    "memorysetup-bucket-allocator-granularity=16"
    "memorysetup-bucket-allocator-bucket-count=8"
    "memorysetup-bucket-allocator-block-size=33554432"
    "memorysetup-bucket-allocator-block-count=8"
    "memorysetup-main-allocator-block-size=16777216"
    "memorysetup-thread-allocator-block-size=16777216"
    "memorysetup-gfx-main-allocator-block-size=16777216"
    "memorysetup-gfx-thread-allocator-block-size=16777216"
    "memorysetup-cache-allocator-block-size=4194304"
    "memorysetup-typetree-allocator-block-size=2097152"
    "memorysetup-profiler-bucket-allocator-granularity=16"
    "memorysetup-profiler-bucket-allocator-bucket-count=8"
    "memorysetup-profiler-bucket-allocator-block-size=33554432"
    "memorysetup-profiler-bucket-allocator-block-count=8"
    "memorysetup-profiler-allocator-block-size=16777216"
    "memorysetup-profiler-editor-allocator-block-size=1048576"
    "memorysetup-temp-allocator-size-main=16777216"
    "memorysetup-job-temp-allocator-block-size=2097152"
    "memorysetup-job-temp-allocator-block-size-background=1048576"
    "memorysetup-job-temp-allocator-reduction-small-platforms=262144"
    "memorysetup-temp-allocator-size-background-worker=32768"
    "memorysetup-temp-allocator-size-job-worker=262144"
    "memorysetup-temp-allocator-size-preload-manager=33554432"
    "memorysetup-temp-allocator-size-nav-mesh-worker=65536"
    "memorysetup-temp-allocator-size-audio-worker=65536"
    "memorysetup-temp-allocator-size-cloud-worker=32768"
    "memorysetup-temp-allocator-size-gi-baking-worker=262144"
    "memorysetup-temp-allocator-size-gfx=262144"
Player connection [10360] Host "[IP] 192.168.29.83 [Port] 0 [Flags] 2 [Guid] 2472490177 [EditorId] 2472490177 [Version] 1048832 [Id] WindowsEditor(7,Rajesh) [Debug] 1 [PackageName] WindowsEditor [ProjectName] Editor" joined multi-casting on [225.0.0.222:54997]...

Player connection [10360] Host "[IP] 192.168.29.83 [Port] 0 [Flags] 2 [Guid] 2472490177 [EditorId] 2472490177 [Version] 1048832 [Id] WindowsEditor(7,Rajesh) [Debug] 1 [PackageName] WindowsEditor [ProjectName] Editor" joined alternative multi-casting on [225.0.0.222:34997]...

Refreshing native plugins compatible for Editor in 45.63 ms, found 2 plugins.
Preloading 0 native plugins for Editor in 0.00 ms.
Initialize engine version: 2021.3.29f1 (204d6dc9ae1c)
[Subsystems] Discovering subsystems at path C:/Program Files/Unity/Hub/Editor/2021.3.29f1/Editor/Data/Resources/UnitySubsystems
[Subsystems] Discovering subsystems at path D:/Work/Quinces/Alphabet_Puzzles/AlphabetPuzzles/Assets
GfxDevice: creating device client; threaded=0; jobified=0
Direct3D:
    Version:  Direct3D 11.0 [level 11.1]
    Renderer: Intel(R) Iris(R) Xe Graphics (ID=0x9a49)
    Vendor:   Intel
    VRAM:     8083 MB
    Driver:   30.0.101.1003
Initialize mono
Mono path[0] = 'C:/Program Files/Unity/Hub/Editor/2021.3.29f1/Editor/Data/Managed'
Mono path[1] = 'C:/Program Files/Unity/Hub/Editor/2021.3.29f1/Editor/Data/MonoBleedingEdge/lib/mono/unityjit-win32'
Mono config path = 'C:/Program Files/Unity/Hub/Editor/2021.3.29f1/Editor/Data/MonoBleedingEdge/etc'
Using monoOptions --debugger-agent=transport=dt_socket,embedding=1,server=y,suspend=n,address=127.0.0.1:56612
Begin MonoManager ReloadAssembly
Registering precompiled unity dll's ...
Register platform support module: C:/Program Files/Unity/Hub/Editor/2021.3.29f1/Editor/Data/PlaybackEngines/AndroidPlayer/UnityEditor.Android.Extensions.dll
Register platform support module: C:/Program Files/Unity/Hub/Editor/2021.3.29f1/Editor/Data/PlaybackEngines/WindowsStandaloneSupport/UnityEditor.WindowsStandalone.Extensions.dll
Registered in 0.004060 seconds.
Native extension for WindowsStandalone target not found
Native extension for Android target not found
Android Extension - Scanning For ADB Devices 242 ms
Refreshing native plugins compatible for Editor in 67.53 ms, found 2 plugins.
Preloading 0 native plugins for Editor in 0.00 ms.
Mono: successfully reloaded assembly
- Completed reload, in  0.910 seconds
Domain Reload Profiling:
	ReloadAssembly (910ms)
		BeginReloadAssembly (87ms)
			ExecutionOrderSort (0ms)
			DisableScriptedObjects (0ms)
			BackupInstance (0ms)
			ReleaseScriptingObjects (0ms)
			CreateAndSetChildDomain (1ms)
		EndReloadAssembly (738ms)
			LoadAssemblies (84ms)
			RebuildTransferFunctionScriptingTraits (0ms)
			SetupTypeCache (115ms)
			ReleaseScriptCaches (0ms)
			RebuildScriptCaches (28ms)
			SetupLoadedEditorAssemblies (548ms)
				LogAssemblyErrors (0ms)
				InitializePlatformSupportModulesInManaged (323ms)
				SetLoadedEditorAssemblies (0ms)
				RefreshPlugins (68ms)
				BeforeProcessingInitializeOnLoad (3ms)
				ProcessInitializeOnLoadAttributes (109ms)
				ProcessInitializeOnLoadMethodAttributes (46ms)
				AfterProcessingInitializeOnLoad (0ms)
				EditorAssembliesLoaded (0ms)
			ExecutionOrderSort2 (0ms)
			AwakeInstancesAfterBackupRestoration (0ms)
Platform modules already initialized, skipping
Registering precompiled user dll's ...
Registered in 0.004077 seconds.
Begin MonoManager ReloadAssembly
Symbol file LoadedFromMemory is not a mono symbol file
Native extension for WindowsStandalone target not found
Native extension for Android target not found
Refreshing native plugins compatible for Editor in 0.69 ms, found 2 plugins.
Preloading 0 native plugins for Editor in 0.00 ms.
System.Reflection.AmbiguousMatchException: Ambiguous match found.
  at System.RuntimeType.GetMethodImplCommon (System.String name, System.Int32 genericParameterCount, System.Reflection.BindingFlags bindingAttr, System.Reflection.Binder binder, System.Reflection.CallingConventions callConv, System.Type[] types, System.Reflection.ParameterModifier[] modifiers) [0x00050] in <47fc8c70fa834cbf8141d7c1a7589125>:0 
  at System.RuntimeType.GetMethodImpl (System.String name, System.Reflection.BindingFlags bindingAttr, System.Reflection.Binder binder, System.Reflection.CallingConventions callConv, System.Type[] types, System.Reflection.ParameterModifier[] modifiers) [0x00000] in <47fc8c70fa834cbf8141d7c1a7589125>:0 
  at System.Type.GetMethod (System.String name, System.Reflection.BindingFlags bindingAttr) [0x0000e] in <47fc8c70fa834cbf8141d7c1a7589125>:0 
  at System.Type.GetMethod (System.String name) [0x00000] in <47fc8c70fa834cbf8141d7c1a7589125>:0 
  at GooglePlayServices.UnityCompat.get_Unity56AndAboveApplicationIdentifier () [0x00000] in <0ea28fee5338451fbecc93319b91e068>:0 
  at GooglePlayServices.UnityCompat.get_ApplicationId () [0x00000] in <0ea28fee5338451fbecc93319b91e068>:0 
  at GooglePlayServices.PlayServicesResolver..cctor () [0x00020] in <0ea28fee5338451fbecc93319b91e068>:0 
UnityEngine.StackTraceUtility:ExtractStackTrace ()
UnityEngine.DebugLogHandler:LogFormat (UnityEngine.LogType,UnityEngine.Object,string,object[])
UnityEngine.Logger:Log (UnityEngine.LogType,object)
UnityEngine.Debug:LogError (object)
UnityEditor.EditorAssemblies:ProcessInitializeOnLoadAttributes (System.Type[])

Mono: successfully reloaded assembly
- Completed reload, in  1.203 seconds
Domain Reload Profiling:
	ReloadAssembly (1204ms)
		BeginReloadAssembly (106ms)
			ExecutionOrderSort (0ms)
			DisableScriptedObjects (5ms)
			BackupInstance (0ms)
			ReleaseScriptingObjects (0ms)
			CreateAndSetChildDomain (21ms)
		EndReloadAssembly (989ms)
			LoadAssemblies (78ms)
			RebuildTransferFunctionScriptingTraits (0ms)
			SetupTypeCache (213ms)
			ReleaseScriptCaches (0ms)
			RebuildScriptCaches (45ms)
			SetupLoadedEditorAssemblies (613ms)
				LogAssemblyErrors (0ms)
				InitializePlatformSupportModulesInManaged (19ms)
				SetLoadedEditorAssemblies (0ms)
				RefreshPlugins (1ms)
				BeforeProcessingInitializeOnLoad (69ms)
				ProcessInitializeOnLoadAttributes (414ms)
				ProcessInitializeOnLoadMethodAttributes (103ms)
				AfterProcessingInitializeOnLoad (6ms)
				EditorAssembliesLoaded (0ms)
			ExecutionOrderSort2 (0ms)
			AwakeInstancesAfterBackupRestoration (6ms)
Platform modules already initialized, skipping
========================================================================
Worker process is ready to serve import requests
Launched and connected shader compiler UnityShaderCompiler.exe after 0.04 seconds
Refreshing native plugins compatible for Editor in 0.59 ms, found 2 plugins.
Preloading 0 native plugins for Editor in 0.00 ms.
Unloading 2383 Unused Serialized files (Serialized files now loaded: 0)
Unloading 48 unused Assets / (46.3 KB). Loaded Objects now: 2846.
Memory consumption went from 95.5 MB to 95.4 MB.
Total: 4.761000 ms (FindLiveObjects: 0.196000 ms CreateObjectMapping: 0.063800 ms MarkObjects: 4.419300 ms  DeleteObjects: 0.080700 ms)

AssetImportParameters requested are different than current active one (requested -> active):
  custom:video-decoder-ogg-theora: a1e56fd34408186e4bbccfd4996cb3dc -> 
  custom:container-muxer-webm: aa71ff27fc2769a1b78a27578f13a17b -> 
  custom:container-demuxer-webm: 4f35f7cbe854078d1ac9338744f61a02 -> 
  custom:video-encoder-webm-vp8: eb34c28f22e8b96e1ab97ce403110664 -> 
  custom:video-codec-MediaFoundation-h265: 746d11721c4dcdbdad8f713fa42b33f4 -> 
  custom:audio-encoder-webm-vorbis: bf7c407c2cedff20999df2af8eb42d56 -> 
  custom:framework-win-MediaFoundation: 216162199b28c13a410421893ffa2e32 -> 
  custom:container-demuxer-ogg: 62fdf1f143b41e24485cea50d1cbac27 -> 
  custom:video-decoder-webm-vp8: 9c59270c3fd7afecdb556c50c9e8de78 -> 
  custom:audio-decoder-ogg-vorbis: bf7c407c2cedff20999df2af8eb42d56 -> 
========================================================================
Received Import Request.
  Time since last request: 199950.739995 seconds.
  path: Assets/images/alphacards/1/BI.png
  artifactKey: Guid(e9047b0b15fb1df40b1dd7874ed14227) Importer(815301076,1909f56bfc062723c751e8b465ee728b)
Start importing Assets/images/alphacards/1/BI.png using Guid(e9047b0b15fb1df40b1dd7874ed14227) Importer(815301076,1909f56bfc062723c751e8b465ee728b)  -> (artifact id: 'b80a34b5c2877a2abdf32218e5dba32d') in 0.118363 seconds 
========================================================================
Received Import Request.
  Time since last request: 0.000037 seconds.
  path: Assets/images/alphacards/1/JI.png
  artifactKey: Guid(6a43d5a4c397b5245b45f52db9077ca9) Importer(815301076,1909f56bfc062723c751e8b465ee728b)
Start importing Assets/images/alphacards/1/JI.png using Guid(6a43d5a4c397b5245b45f52db9077ca9) Importer(815301076,1909f56bfc062723c751e8b465ee728b)  -> (artifact id: 'e6556e483257ad646addb171453e0d08') in 0.035275 seconds 
========================================================================
Received Import Request.
  Time since last request: 0.000032 seconds.
  path: Assets/images/alphacards/1/LI.png
  artifactKey: Guid(9c5b647b560f0914fa5f20a145f3c539) Importer(815301076,1909f56bfc062723c751e8b465ee728b)
Start importing Assets/images/alphacards/1/LI.png using Guid(9c5b647b560f0914fa5f20a145f3c539) Importer(815301076,1909f56bfc062723c751e8b465ee728b)  -> (artifact id: 'a8230f97343b36e0f2fb15f1b5c8d9e8') in 0.036914 seconds 
========================================================================
Received Import Request.
  Time since last request: 0.000019 seconds.
  path: Assets/images/alphacards/1/EI.png
  artifactKey: Guid(a22df220d1e82ad48be6645d8103b465) Importer(815301076,1909f56bfc062723c751e8b465ee728b)
Start importing Assets/images/alphacards/1/EI.png using Guid(a22df220d1e82ad48be6645d8103b465) Importer(815301076,1909f56bfc062723c751e8b465ee728b)  -> (artifact id: '2e9f4952aa749a07d86d55add414170e') in 0.034372 seconds 
========================================================================
Received Import Request.
  Time since last request: 0.000022 seconds.
  path: Assets/images/alphacards/1/UI.png
  artifactKey: Guid(973bec8120fa1524287c2f94d621d9f2) Importer(815301076,1909f56bfc062723c751e8b465ee728b)
Start importing Assets/images/alphacards/1/UI.png using Guid(973bec8120fa1524287c2f94d621d9f2) Importer(815301076,1909f56bfc062723c751e8b465ee728b)  -> (artifact id: 'cf8242d2485e420e32f9ad452a562f94') in 0.035626 seconds 
========================================================================
Received Import Request.
  Time since last request: 0.000020 seconds.
  path: Assets/images/alphacards/1/WI.png
  artifactKey: Guid(82ac17237a0abcd47a0fe7b83c1bfd15) Importer(815301076,1909f56bfc062723c751e8b465ee728b)
Start importing Assets/images/alphacards/1/WI.png using Guid(82ac17237a0abcd47a0fe7b83c1bfd15) Importer(815301076,1909f56bfc062723c751e8b465ee728b)  -> (artifact id: '151b79de7ad875bc0d2324784934882a') in 0.040039 seconds 
========================================================================
Received Import Request.
  Time since last request: 0.000020 seconds.
  path: Assets/images/alphacards/1/MI.png
  artifactKey: Guid(658e8501c685a084290e116cc55b9baf) Importer(815301076,1909f56bfc062723c751e8b465ee728b)
Start importing Assets/images/alphacards/1/MI.png using Guid(658e8501c685a084290e116cc55b9baf) Importer(815301076,1909f56bfc062723c751e8b465ee728b)  -> (artifact id: '81c2bcc932fb0c2d399af6a868fd7a3a') in 0.034252 seconds 
========================================================================
Received Import Request.
  Time since last request: 0.000030 seconds.
  path: Assets/images/alphacards/1/YI.png
  artifactKey: Guid(d9e11a3516f1e5e4c8037e2b9cc01a16) Importer(815301076,1909f56bfc062723c751e8b465ee728b)
Start importing Assets/images/alphacards/1/YI.png using Guid(d9e11a3516f1e5e4c8037e2b9cc01a16) Importer(815301076,1909f56bfc062723c751e8b465ee728b)  -> (artifact id: '66b5fcdb4727742be2ef4ec0aa3dd0dc') in 0.033283 seconds 
========================================================================
Received Import Request.
  Time since last request: 0.000023 seconds.
  path: Assets/images/alphacards/1/XI.png
  artifactKey: Guid(bb52ce3163ad77e4d94c82c5b02c6136) Importer(815301076,1909f56bfc062723c751e8b465ee728b)
Start importing Assets/images/alphacards/1/XI.png using Guid(bb52ce3163ad77e4d94c82c5b02c6136) Importer(815301076,1909f56bfc062723c751e8b465ee728b)  -> (artifact id: '64a4684fa3b6a29e6822e6d159dd9a45') in 0.040367 seconds 
========================================================================
Received Import Request.
  Time since last request: 0.000027 seconds.
  path: Assets/images/alphacards/1/NI.png
  artifactKey: Guid(983924c86dc25ad4ebc00abd70da8619) Importer(815301076,1909f56bfc062723c751e8b465ee728b)
Start importing Assets/images/alphacards/1/NI.png using Guid(983924c86dc25ad4ebc00abd70da8619) Importer(815301076,1909f56bfc062723c751e8b465ee728b)  -> (artifact id: '92f96c0386b606121d4085029e52e06d') in 0.047265 seconds 
========================================================================
Received Import Request.
  Time since last request: 0.000022 seconds.
  path: Assets/images/alphacards/1/HI.png
  artifactKey: Guid(7483f0d065ab1a44c9b16e5f6be24193) Importer(815301076,1909f56bfc062723c751e8b465ee728b)
Start importing Assets/images/alphacards/1/HI.png using Guid(7483f0d065ab1a44c9b16e5f6be24193) Importer(815301076,1909f56bfc062723c751e8b465ee728b)  -> (artifact id: '475f346843b74fdd07964220f39c3615') in 0.035271 seconds 
========================================================================
Received Import Request.
  Time since last request: 0.000019 seconds.
  path: Assets/images/alphacards/1/RI.png
  artifactKey: Guid(19528b81238ac5a4b9edb0f8516fb24e) Importer(815301076,1909f56bfc062723c751e8b465ee728b)
Start importing Assets/images/alphacards/1/RI.png using Guid(19528b81238ac5a4b9edb0f8516fb24e) Importer(815301076,1909f56bfc062723c751e8b465ee728b)  -> (artifact id: '1bbd73f099cf1adf0d7017d1b9a79c4c') in 0.033288 seconds 
========================================================================
Received Import Request.
  Time since last request: 0.000031 seconds.
  path: Assets/images/alphacards/1/PI.png
  artifactKey: Guid(f27df21b55a43344f9b49d7625dc0ff6) Importer(815301076,1909f56bfc062723c751e8b465ee728b)
Start importing Assets/images/alphacards/1/PI.png using Guid(f27df21b55a43344f9b49d7625dc0ff6) Importer(815301076,1909f56bfc062723c751e8b465ee728b)  -> (artifact id: '691f0adb0988a2c39afde484b36271fd') in 0.027517 seconds 
========================================================================
Received Import Request.
  Time since last request: 0.000027 seconds.
  path: Assets/images/alphacards/1/II.png
  artifactKey: Guid(f7ddb89a6f9cd8948acd169405be86b0) Importer(815301076,1909f56bfc062723c751e8b465ee728b)
Start importing Assets/images/alphacards/1/II.png using Guid(f7ddb89a6f9cd8948acd169405be86b0) Importer(815301076,1909f56bfc062723c751e8b465ee728b)  -> (artifact id: 'ca0f97f684ac3491f3df5a49f2c2216d') in 0.034363 seconds 
========================================================================
Received Import Request.
  Time since last request: 0.000017 seconds.
  path: Assets/images/alphacards/1/KI.png
  artifactKey: Guid(eb5067d1273f5aa4fb59cf45d5c1bf43) Importer(815301076,1909f56bfc062723c751e8b465ee728b)
Start importing Assets/images/alphacards/1/KI.png using Guid(eb5067d1273f5aa4fb59cf45d5c1bf43) Importer(815301076,1909f56bfc062723c751e8b465ee728b)  -> (artifact id: '744c77ce42dc9cb2c592008f5d67c180') in 0.028749 seconds 
========================================================================
Received Import Request.
  Time since last request: 0.000019 seconds.
  path: Assets/images/alphacards/1/SI.png
  artifactKey: Guid(ea6dc34666281994baff6e79002d2a0a) Importer(815301076,1909f56bfc062723c751e8b465ee728b)
Start importing Assets/images/alphacards/1/SI.png using Guid(ea6dc34666281994baff6e79002d2a0a) Importer(815301076,1909f56bfc062723c751e8b465ee728b)  -> (artifact id: '02536cd969b5003a29b96d9dc3ec73e1') in 0.037215 seconds 
========================================================================
Received Import Request.
  Time since last request: 0.000032 seconds.
  path: Assets/images/alphacards/1/QI.png
  artifactKey: Guid(cdaf002bfb5e3b64584cb1ac0ffe5e70) Importer(815301076,1909f56bfc062723c751e8b465ee728b)
Start importing Assets/images/alphacards/1/QI.png using Guid(cdaf002bfb5e3b64584cb1ac0ffe5e70) Importer(815301076,1909f56bfc062723c751e8b465ee728b)  -> (artifact id: '0537b10baead521a41ee2ae6e59b8e4a') in 0.035221 seconds 
========================================================================
Received Import Request.
  Time since last request: 0.000022 seconds.
  path: Assets/images/alphacards/1/FI.png
  artifactKey: Guid(a12b7ac0bc9402e40bcce219fc8689e8) Importer(815301076,1909f56bfc062723c751e8b465ee728b)
Start importing Assets/images/alphacards/1/FI.png using Guid(a12b7ac0bc9402e40bcce219fc8689e8) Importer(815301076,1909f56bfc062723c751e8b465ee728b)  -> (artifact id: '3ba9ac43ad12351628927a295922ecad') in 0.028781 seconds 
========================================================================
Received Import Request.
  Time since last request: 0.000022 seconds.
  path: Assets/images/alphacards/1/AI.png
  artifactKey: Guid(f5a37ba6171ef94449968fda698fcbb1) Importer(815301076,1909f56bfc062723c751e8b465ee728b)
Start importing Assets/images/alphacards/1/AI.png using Guid(f5a37ba6171ef94449968fda698fcbb1) Importer(815301076,1909f56bfc062723c751e8b465ee728b)  -> (artifact id: '95d2c439c494f77d5877d7d64c66e297') in 0.033337 seconds 
========================================================================
Received Import Request.
  Time since last request: 0.000018 seconds.
  path: Assets/images/alphacards/1/VI.png
  artifactKey: Guid(7564354a3af07614ca948cd249c14512) Importer(815301076,1909f56bfc062723c751e8b465ee728b)
Start importing Assets/images/alphacards/1/VI.png using Guid(7564354a3af07614ca948cd249c14512) Importer(815301076,1909f56bfc062723c751e8b465ee728b)  -> (artifact id: 'dffed1db9b047e4b57a307fbb04d4142') in 0.036505 seconds 
========================================================================
Received Import Request.
  Time since last request: 0.000021 seconds.
  path: Assets/images/alphacards/1/CI.png
  artifactKey: Guid(b08d6205e1d58074db340ba7487afae3) Importer(815301076,1909f56bfc062723c751e8b465ee728b)
Start importing Assets/images/alphacards/1/CI.png using Guid(b08d6205e1d58074db340ba7487afae3) Importer(815301076,1909f56bfc062723c751e8b465ee728b)  -> (artifact id: 'eed2865e29db1cd632314785107cbdc3') in 0.035130 seconds 
========================================================================
Received Import Request.
  Time since last request: 0.000029 seconds.
  path: Assets/images/alphacards/1/GI.png
  artifactKey: Guid(bc60df4fdaae73c44b57770746f0bd71) Importer(815301076,1909f56bfc062723c751e8b465ee728b)
Start importing Assets/images/alphacards/1/GI.png using Guid(bc60df4fdaae73c44b57770746f0bd71) Importer(815301076,1909f56bfc062723c751e8b465ee728b)  -> (artifact id: 'f10feb490f88ce052877d6f4eb28d5de') in 0.029746 seconds 
========================================================================
Received Prepare
Registering precompiled user dll's ...
Registered in 0.006107 seconds.
Begin MonoManager ReloadAssembly
Symbol file LoadedFromMemory is not a mono symbol file
Native extension for WindowsStandalone target not found
Native extension for Android target not found
Refreshing native plugins compatible for Editor in 0.61 ms, found 2 plugins.
Preloading 0 native plugins for Editor in 0.00 ms.
System.Reflection.AmbiguousMatchException: Ambiguous match found.
  at System.RuntimeType.GetMethodImplCommon (System.String name, System.Int32 genericParameterCount, System.Reflection.BindingFlags bindingAttr, System.Reflection.Binder binder, System.Reflection.CallingConventions callConv, System.Type[] types, System.Reflection.ParameterModifier[] modifiers) [0x00050] in <47fc8c70fa834cbf8141d7c1a7589125>:0 
  at System.RuntimeType.GetMethodImpl (System.String name, System.Reflection.BindingFlags bindingAttr, System.Reflection.Binder binder, System.Reflection.CallingConventions callConv, System.Type[] types, System.Reflection.ParameterModifier[] modifiers) [0x00000] in <47fc8c70fa834cbf8141d7c1a7589125>:0 
  at System.Type.GetMethod (System.String name, System.Reflection.BindingFlags bindingAttr) [0x0000e] in <47fc8c70fa834cbf8141d7c1a7589125>:0 
  at System.Type.GetMethod (System.String name) [0x00000] in <47fc8c70fa834cbf8141d7c1a7589125>:0 
  at GooglePlayServices.UnityCompat.get_Unity56AndAboveApplicationIdentifier () [0x00000] in <0ea28fee5338451fbecc93319b91e068>:0 
  at GooglePlayServices.UnityCompat.get_ApplicationId () [0x00000] in <0ea28fee5338451fbecc93319b91e068>:0 
  at GooglePlayServices.PlayServicesResolver..cctor () [0x00020] in <0ea28fee5338451fbecc93319b91e068>:0 
UnityEngine.StackTraceUtility:ExtractStackTrace ()
UnityEngine.DebugLogHandler:LogFormat (UnityEngine.LogType,UnityEngine.Object,string,object[])
UnityEngine.Logger:Log (UnityEngine.LogType,object)
UnityEngine.Debug:LogError (object)
UnityEditor.EditorAssemblies:ProcessInitializeOnLoadAttributes (System.Type[])

Mono: successfully reloaded assembly
- Completed reload, in  1.076 seconds
Domain Reload Profiling:
	ReloadAssembly (1077ms)
		BeginReloadAssembly (129ms)
			ExecutionOrderSort (0ms)
			DisableScriptedObjects (5ms)
			BackupInstance (0ms)
			ReleaseScriptingObjects (0ms)
			CreateAndSetChildDomain (42ms)
		EndReloadAssembly (853ms)
			LoadAssemblies (76ms)
			RebuildTransferFunctionScriptingTraits (0ms)
			SetupTypeCache (182ms)
			ReleaseScriptCaches (1ms)
			RebuildScriptCaches (49ms)
			SetupLoadedEditorAssemblies (470ms)
				LogAssemblyErrors (0ms)
				InitializePlatformSupportModulesInManaged (20ms)
				SetLoadedEditorAssemblies (0ms)
				RefreshPlugins (1ms)
				BeforeProcessingInitializeOnLoad (54ms)
				ProcessInitializeOnLoadAttributes (291ms)
				ProcessInitializeOnLoadMethodAttributes (97ms)
				AfterProcessingInitializeOnLoad (7ms)
				EditorAssembliesLoaded (0ms)
			ExecutionOrderSort2 (0ms)
			AwakeInstancesAfterBackupRestoration (6ms)
Platform modules already initialized, skipping
Refreshing native plugins compatible for Editor in 2.30 ms, found 2 plugins.
Preloading 0 native plugins for Editor in 0.00 ms.
Release of invalid GC handle. The handle is from a previous domain. The release operation is skipped.
Unloading 2376 Unused Serialized files (Serialized files now loaded: 0)
Release of invalid GC handle native callstack: 
0x00007ff748df9c0d (Unity) StackWalker::GetCurrentCallstack
0x00007ff748e007c9 (Unity) StackWalker::ShowCallstack
0x00007ff749d80d63 (Unity) GetStacktrace
0x00007ff748d0313d (Unity) ScriptingGCHandle::ReleaseAndClear
0x00007ff74929c00c (Unity) UploadHandlerRaw::`vector deleting destructor'
0x00007ff74929cb2d (Unity) UploadHandler::Release
0x00007ff74929511d (Unity) UnityWebRequestProto<UnityWebRequestTransport,AtomicRefCounter,RedirectHelper,ResponseHelper,DownloadHandler,UploadHandler,CertificateHandler,HeaderHelper,AsyncOperation>::~UnityWebRequestProto<UnityWebRequestTransport,AtomicRefCounter,RedirectHelper,ResponseHelper,DownloadHandler,UploadHandler,CertificateHandler,HeaderHelper,AsyncOperation>
0x00007ff749295450 (Unity) UnityWebRequest::`vector deleting destructor'
0x00007ff74817b717 (Unity) UnityWebRequestProto<UnityWebRequestTransport,AtomicRefCounter,RedirectHelper,ResponseHelper,DownloadHandler,UploadHandler,CertificateHandler,HeaderHelper,AsyncOperation>::Release
0x00007ff749296b65 (Unity) UnityWebRequestAsyncOperation::InvokeCoroutine
0x00007ff749296d41 (Unity) UnityWebRequestProto<UnityWebRequestTransport,AtomicRefCounter,RedirectHelper,ResponseHelper,DownloadHandler,UploadHandler,CertificateHandler,HeaderHelper,AsyncOperation>::Job_InvokeCoroutine
0x00007ff7489734da (Unity) BackgroundJobQueue::ExecuteMainThreadJobs
0x00007ff748a1b6cf (Unity) PreloadManager::WaitForAllAsyncOperationsToComplete
0x00007ff74a134625 (Unity) <lambda_90b7e2ea237842cb7c0ff1fc69da526e>::operator()
0x00007ff74a175582 (Unity) asio::detail::completion_handler<core::mutable_function<void __cdecl(void)>,asio::io_context::basic_executor_type<std::allocator<void>,0> >::do_complete
0x00007ff74a16146e (Unity) asio::detail::win_iocp_io_context::do_one
0x00007ff74a1630d4 (Unity) asio::detail::win_iocp_io_context::run
0x00007ff74a17396e (Unity) IOService::Run
0x00007ff74a14607f (Unity) AssetImportWorkerClient::Run
0x00007ff74a10e553 (Unity) RunAssetImportWorkerClientV2
0x00007ff74a10e5db (Unity) RunAssetImporterV2
0x00007ff74993f088 (Unity) Application::InitializeProject
0x00007ff749d8b2b8 (Unity) WinMain
0x00007ff74b16ebce (Unity) __scrt_common_main_seh
0x00007ff9dea8257d (KERNEL32) BaseThreadInitThunk
0x00007ff9df90aa48 (ntdll) RtlUserThreadStart
Unloading 37 unused Assets / (22.0 KB). Loaded Objects now: 2855.
Memory consumption went from 94.8 MB to 94.8 MB.
Total: 5.461400 ms (FindLiveObjects: 0.219000 ms CreateObjectMapping: 0.067700 ms MarkObjects: 5.129300 ms  DeleteObjects: 0.044000 ms)

AssetImportParameters requested are different than current active one (requested -> active):
  custom:video-decoder-ogg-theora: a1e56fd34408186e4bbccfd4996cb3dc -> 
  custom:container-muxer-webm: aa71ff27fc2769a1b78a27578f13a17b -> 
  custom:container-demuxer-webm: 4f35f7cbe854078d1ac9338744f61a02 -> 
  custom:video-encoder-webm-vp8: eb34c28f22e8b96e1ab97ce403110664 -> 
  custom:video-codec-MediaFoundation-h265: 746d11721c4dcdbdad8f713fa42b33f4 -> 
  custom:CustomObjectIndexerAttribute: bc11b3a6c3213fcdd17b65e7da85e133 -> 
  custom:audio-encoder-webm-vorbis: bf7c407c2cedff20999df2af8eb42d56 -> 
  custom:framework-win-MediaFoundation: 216162199b28c13a410421893ffa2e32 -> 
  custom:container-demuxer-ogg: 62fdf1f143b41e24485cea50d1cbac27 -> 
  custom:video-decoder-webm-vp8: 9c59270c3fd7afecdb556c50c9e8de78 -> 
  custom:audio-decoder-ogg-vorbis: bf7c407c2cedff20999df2af8eb42d56 -> 
